
The following have been reloaded with a version change:
  1) compiler/intel/2018.5.274 => compiler/intel/2018.2.199

Connection to hm064 closed by remote host.
Connection to hm063 closed by remote host.
[mpiexec@cn089.iitk.ac.in] control_cb (../../pm/pmiserv/pmiserv_cb.c:864): connection to proxy 3 at host hm064 failed
[mpiexec@cn089.iitk.ac.in] HYDT_dmxu_poll_wait_for_event (../../tools/demux/demux_poll.c:76): callback returned error status
[mpiexec@cn089.iitk.ac.in] HYD_pmci_wait_for_completion (../../pm/pmiserv/pmiserv_pmci.c:520): error waiting for event
[mpiexec@cn089.iitk.ac.in] main (../../ui/mpich/mpiexec.c:1149): process manager error waiting for completion
Error: Could not open profile.0.0.0: No such file or directory
profile.ftab: No such file or directory
rm: cannot remove 'profile.*': No such file or directory
[22] Wrapping up
[24] Wrapping up
[31] Wrapping up
[23] Wrapping up
[25] Wrapping up
[26] Wrapping up
[5] Wrapping up
[4] Wrapping up
[21] Wrapping up
[29] Wrapping up
[27] Wrapping up
[18] Wrapping up
[19] Wrapping up
[1] Wrapping up
[7] Wrapping up
[17] Wrapping up
[3] Wrapping up
[2] Wrapping up
[20] Wrapping up
[28] Wrapping up
[30] Wrapping up
[16] Wrapping up
[6] Wrapping up
[0] Wrapping up
[12] Wrapping up
[15] Wrapping up
[14] Wrapping up
[13] Wrapping up
[11] Wrapping up
[8] Wrapping up
[9] Wrapping up
[10] Wrapping up
