==========================================
SLURM_CLUSTER_NAME = iitk-cluster
SLURM_JOB_ACCOUNT = paramsanganak
SLURM_JOB_ID = 164851
SLURM_JOB_NAME = hpcg_32_8_2
SLURM_JOB_NODELIST = cn[019,024,039,049-050,089,091-094,110,137-139,164-169,185-186,189-191],hm[050-051,059-061,063-064]
SLURM_JOB_USER = gagandeep20
SLURM_JOB_UID = 15436
SLURM_JOB_PARTITION = standard
SLURM_TASK_PID = 34827
SLURM_SUBMIT_DIR = /scratch/gagandeep20/benchmarks/hpcg/run2/32nodes-8ppn
SLURM_CPUS_ON_NODE = 8
SLURM_NTASKS = 256
SLURM_TASK_PID = 34827
==========================================
cn[019,024,039,049-050,089,091-094,110,137-139,164-169,185-186,189-191],hm[050-051,059-061,063-064]
tau run completed in 540 seconds with communication time percentage 40.38
comm_tau_hpcg_32_256_8_2.mat  Created
ipmpi run completed in 485 seconds with communication time percentage 40.15
comm_ipmpi_hpcg_32_256_8_2.mat  Created
numprocs:  256
count_ipmpi_hpcg_32_256_8_2  Created
